Determining if the pthread_create exist failed with the following output:
Change Dir: /home/yousaf/Documents/Software Engineering/se-03-team-27-master/build/CMakeFiles/CMakeTmp

Run Build Command:"/usr/bin/make" "cmTC_fa340/fast"
/usr/bin/make -f CMakeFiles/cmTC_fa340.dir/build.make CMakeFiles/cmTC_fa340.dir/build
make[1]: Entering directory '/home/yousaf/Documents/Software Engineering/se-03-team-27-master/build/CMakeFiles/CMakeTmp'
Building C object CMakeFiles/cmTC_fa340.dir/CheckSymbolExists.c.o
/usr/bin/cc    -o CMakeFiles/cmTC_fa340.dir/CheckSymbolExists.c.o   -c "/home/yousaf/Documents/Software Engineering/se-03-team-27-master/build/CMakeFiles/CMakeTmp/CheckSymbolExists.c"
Linking C executable cmTC_fa340
/usr/bin/cmake -E cmake_link_script CMakeFiles/cmTC_fa340.dir/link.txt --verbose=1
/usr/bin/cc      CMakeFiles/cmTC_fa340.dir/CheckSymbolExists.c.o  -o cmTC_fa340 
CMakeFiles/cmTC_fa340.dir/CheckSymbolExists.c.o: In function `main':
CheckSymbolExists.c:(.text+0x1b): undefined reference to `pthread_create'
collect2: error: ld returned 1 exit status
CMakeFiles/cmTC_fa340.dir/build.make:97: recipe for target 'cmTC_fa340' failed
make[1]: *** [cmTC_fa340] Error 1
make[1]: Leaving directory '/home/yousaf/Documents/Software Engineering/se-03-team-27-master/build/CMakeFiles/CMakeTmp'
Makefile:126: recipe for target 'cmTC_fa340/fast' failed
make: *** [cmTC_fa340/fast] Error 2

File /home/yousaf/Documents/Software Engineering/se-03-team-27-master/build/CMakeFiles/CMakeTmp/CheckSymbolExists.c:
/* */
#include <pthread.h>

int main(int argc, char** argv)
{
  (void)argv;
#ifndef pthread_create
  return ((int*)(&pthread_create))[argc];
#else
  (void)argc;
  return 0;
#endif
}

Determining if the function pthread_create exists in the pthreads failed with the following output:
Change Dir: /home/yousaf/Documents/Software Engineering/se-03-team-27-master/build/CMakeFiles/CMakeTmp

Run Build Command:"/usr/bin/make" "cmTC_3e5f1/fast"
/usr/bin/make -f CMakeFiles/cmTC_3e5f1.dir/build.make CMakeFiles/cmTC_3e5f1.dir/build
make[1]: Entering directory '/home/yousaf/Documents/Software Engineering/se-03-team-27-master/build/CMakeFiles/CMakeTmp'
Building C object CMakeFiles/cmTC_3e5f1.dir/CheckFunctionExists.c.o
/usr/bin/cc   -DCHECK_FUNCTION_EXISTS=pthread_create   -o CMakeFiles/cmTC_3e5f1.dir/CheckFunctionExists.c.o   -c /usr/share/cmake-3.10/Modules/CheckFunctionExists.c
Linking C executable cmTC_3e5f1
/usr/bin/cmake -E cmake_link_script CMakeFiles/cmTC_3e5f1.dir/link.txt --verbose=1
/usr/bin/cc  -DCHECK_FUNCTION_EXISTS=pthread_create    CMakeFiles/cmTC_3e5f1.dir/CheckFunctionExists.c.o  -o cmTC_3e5f1 -lpthreads 
/usr/bin/ld: cannot find -lpthreads
collect2: error: ld returned 1 exit status
CMakeFiles/cmTC_3e5f1.dir/build.make:97: recipe for target 'cmTC_3e5f1' failed
make[1]: *** [cmTC_3e5f1] Error 1
make[1]: Leaving directory '/home/yousaf/Documents/Software Engineering/se-03-team-27-master/build/CMakeFiles/CMakeTmp'
Makefile:126: recipe for target 'cmTC_3e5f1/fast' failed
make: *** [cmTC_3e5f1/fast] Error 2


